<?xml version="1.0" encoding="UTF-8"?>
<testng-results ignored="0" total="6" passed="6" failed="0" skipped="0">
  <reporter-output>
  </reporter-output>
  <suite started-at="2024-03-05T21:43:13 IST" name="Suite" finished-at="2024-03-05T21:45:43 IST" duration-ms="149177">
    <groups>
    </groups>
    <test started-at="2024-03-05T21:43:13 IST" name="Test1" finished-at="2024-03-05T21:45:43 IST" duration-ms="149177">
      <class name="test_Book.BaseClass">
        <test-method is-config="true" signature="setup_Browser(java.lang.String,java.lang.String)[pri:0, instance:test_Book.BaseClass@18271936]" started-at="2024-03-05T21:43:15 IST" name="setup_Browser" finished-at="2024-03-05T21:43:31 IST" duration-ms="15920" status="PASS">
          <params>
            <param index="0">
              <value>
                <![CDATA[chrome]]>
              </value>
            </param>
            <param index="1">
              <value>
                <![CDATA[https://www.urbanladder.com/]]>
              </value>
            </param>
          </params>
          <reporter-output>
          </reporter-output>
        </test-method> <!-- setup_Browser -->
        <test-method signature="VerifyWebsite()[pri:1, instance:test_Book.BaseClass@18271936]" started-at="2024-03-05T21:43:31 IST" name="VerifyWebsite" finished-at="2024-03-05T21:43:52 IST" duration-ms="20822" status="PASS">
          <reporter-output>
          </reporter-output>
        </test-method> <!-- VerifyWebsite -->
        <test-method signature="displayBookShelves()[pri:2, instance:test_Book.BaseClass@18271936]" started-at="2024-03-05T21:43:52 IST" name="displayBookShelves" finished-at="2024-03-05T21:44:33 IST" duration-ms="41116" status="PASS">
          <reporter-output>
          </reporter-output>
        </test-method> <!-- displayBookShelves -->
        <test-method signature="ByAtHome()[pri:3, instance:test_Book.BaseClass@18271936]" started-at="2024-03-05T21:44:34 IST" name="ByAtHome" finished-at="2024-03-05T21:44:57 IST" duration-ms="22982" status="PASS">
          <reporter-output>
          </reporter-output>
        </test-method> <!-- ByAtHome -->
        <test-method signature="giftCard()[pri:4, instance:test_Book.BaseClass@18271936]" started-at="2024-03-05T21:44:57 IST" name="giftCard" finished-at="2024-03-05T21:45:14 IST" duration-ms="16612" status="PASS">
          <reporter-output>
          </reporter-output>
        </test-method> <!-- giftCard -->
        <test-method signature="giftCardformNegative()[pri:5, instance:test_Book.BaseClass@18271936]" started-at="2024-03-05T21:45:14 IST" name="giftCardformNegative" finished-at="2024-03-05T21:45:29 IST" duration-ms="14657" status="PASS">
          <reporter-output>
          </reporter-output>
        </test-method> <!-- giftCardformNegative -->
        <test-method signature="giftCardformPositive()[pri:6, instance:test_Book.BaseClass@18271936]" started-at="2024-03-05T21:45:29 IST" name="giftCardformPositive" finished-at="2024-03-05T21:45:41 IST" duration-ms="11495" status="PASS">
          <reporter-output>
          </reporter-output>
        </test-method> <!-- giftCardformPositive -->
        <test-method is-config="true" signature="close_Browser()[pri:0, instance:test_Book.BaseClass@18271936]" started-at="2024-03-05T21:45:41 IST" name="close_Browser" finished-at="2024-03-05T21:45:43 IST" duration-ms="1327" status="PASS">
          <reporter-output>
          </reporter-output>
        </test-method> <!-- close_Browser -->
      </class> <!-- test_Book.BaseClass -->
    </test> <!-- Test1 -->
  </suite> <!-- Suite -->
</testng-results>
